{"content": {"suites": {"0": {"status": {"total_pass": 0, "total_skip": 0, "total_xpass": 0, "total_xfail": 0, "total_rerun": 0, "total_fail": 1, "total_error": 0}, "tests": {"0": {"status": "FAIL", "message": "   selenium.common.exceptions.NoSuchElementException: Message: no such element: Unable to locate element: {\"method\":\"css selector\",\"selector\":\"[id=\"ctl00_CC_BorrowSummaryGridView_ctl01_ReportDate_LinkButton\"]\"}\n     (Session info: chrome=96.0.4664.110)\n", "test_name": "test_QTML_T1123", "rerun": "0"}}, "suite_name": "test_QTML-T1123.py"}, "1": {"suite_name": "test_QTML-T1130.py", "tests": {"0": {"status": "FAIL", "message": "   selenium.common.exceptions.NoSuchElementException: Message: no such element: Unable to locate element: {\"method\":\"link text\",\"selector\":\"ETF Order Entry\"}\n     (Session info: chrome=96.0.4664.110)\n", "test_name": "test_QTML_T1130", "rerun": "0"}}, "status": {"total_pass": 0, "total_skip": 0, "total_xpass": 0, "total_xfail": 0, "total_rerun": 0, "total_fail": 1, "total_error": 0}}, "2": {"suite_name": "test_QTML-T1131.py", "tests": {"0": {"status": "FAIL", "message": "       UnboundLocalError: local variable 'verifydate' referenced before assignment\n", "test_name": "test_QTML_T1131", "rerun": "0"}}, "status": {"total_pass": 0, "total_skip": 0, "total_xpass": 0, "total_xfail": 0, "total_rerun": 0, "total_fail": 1, "total_error": 0}}, "3": {"suite_name": "test_QTML-T1143.py", "tests": {"0": {"status": "FAIL", "message": "   selenium.common.exceptions.NoSuchElementException: Message: no such element: Unable to locate element: {\"method\":\"link text\",\"selector\":\"Source\"}\n     (Session info: chrome=96.0.4664.110)\n", "test_name": "test_QTML_T1143", "rerun": "0"}}, "status": {"total_pass": 0, "total_skip": 0, "total_xpass": 0, "total_xfail": 0, "total_rerun": 0, "total_fail": 1, "total_error": 0}}, "4": {"suite_name": "test_QTML-T1144.py", "tests": {"0": {"status": "FAIL", "message": "   selenium.common.exceptions.NoSuchElementException: Message: no such element: Unable to locate element: {\"method\":\"link text\",\"selector\":\"TradeDate\"}\n     (Session info: chrome=96.0.4664.110)\n", "test_name": "test_QTML_T1144", "rerun": "0"}}, "status": {"total_pass": 0, "total_skip": 0, "total_xpass": 0, "total_xfail": 0, "total_rerun": 0, "total_fail": 1, "total_error": 0}}, "5": {"suite_name": "test_QTML-T1149.py", "tests": {"0": {"status": "FAIL", "message": "   selenium.common.exceptions.NoSuchElementException: Message: no such element: Unable to locate element: {\"method\":\"link text\",\"selector\":\"TradeDate\"}\n     (Session info: chrome=96.0.4664.110)\n", "test_name": "test_QTML_T1149", "rerun": "0"}}, "status": {"total_pass": 0, "total_skip": 0, "total_xpass": 0, "total_xfail": 0, "total_rerun": 0, "total_fail": 1, "total_error": 0}}, "6": {"suite_name": "test_QTML-T1160.py", "tests": {"0": {"status": "FAIL", "message": "   selenium.common.exceptions.NoSuchElementException: Message: no such element: Unable to locate element: {\"method\":\"link text\",\"selector\":\"ReportDate\"}\n     (Session info: chrome=96.0.4664.110)\n", "test_name": "test_QTML_T1160", "rerun": "0"}}, "status": {"total_pass": 0, "total_skip": 0, "total_xpass": 0, "total_xfail": 0, "total_rerun": 0, "total_fail": 1, "total_error": 0}}, "7": {"suite_name": "test_QTML-T1161.py", "tests": {"0": {"status": "FAIL", "message": "   selenium.common.exceptions.NoSuchElementException: Message: no such element: Unable to locate element: {\"method\":\"link text\",\"selector\":\"ReportDate\"}\n     (Session info: chrome=96.0.4664.110)\n", "test_name": "test_QTML_T1161", "rerun": "0"}}, "status": {"total_pass": 0, "total_skip": 0, "total_xpass": 0, "total_xfail": 0, "total_rerun": 0, "total_fail": 1, "total_error": 0}}, "8": {"suite_name": "test_QTML-T1164.py", "tests": {"0": {"status": "FAIL", "message": "   selenium.common.exceptions.NoSuchElementException: Message: no such element: Unable to locate element: {\"method\":\"link text\",\"selector\":\"ReportDate\"}\n     (Session info: chrome=96.0.4664.110)\n", "test_name": "test_QTML_T1164", "rerun": "0"}}, "status": {"total_pass": 0, "total_skip": 0, "total_xpass": 0, "total_xfail": 0, "total_rerun": 0, "total_fail": 1, "total_error": 0}}, "9": {"suite_name": "test_QTML-T1166.py", "tests": {"0": {"status": "FAIL", "message": "   selenium.common.exceptions.NoSuchElementException: Message: no such element: Unable to locate element: {\"method\":\"link text\",\"selector\":\"TradeDate\"}\n     (Session info: chrome=96.0.4664.110)\n", "test_name": "test_QTML_T1166", "rerun": "0"}}, "status": {"total_pass": 0, "total_skip": 0, "total_xpass": 0, "total_xfail": 0, "total_rerun": 0, "total_fail": 1, "total_error": 0}}, "10": {"suite_name": "test_QTML-T1189.py", "tests": {"0": {"status": "FAIL", "message": "       selenium.common.exceptions.NoSuchElementException: Message: Could not locate element with visible text: 2021-11-10\n", "test_name": "test_QTML_T1189", "rerun": "0"}}, "status": {"total_pass": 0, "total_skip": 0, "total_xpass": 0, "total_xfail": 0, "total_rerun": 0, "total_fail": 1, "total_error": 0}}, "11": {"suite_name": "test_QTML-T1191.py", "tests": {"0": {"status": "FAIL", "message": "   AssertionError\n", "test_name": "test_QTML_T1191", "rerun": "0"}}, "status": {"total_pass": 0, "total_skip": 0, "total_xpass": 0, "total_xfail": 0, "total_rerun": 0, "total_fail": 1, "total_error": 0}}, "12": {"suite_name": "test_QTML-T1192.py", "tests": {"0": {"status": "FAIL", "message": "   selenium.common.exceptions.StaleElementReferenceException: Message: stale element reference: element is not attached to the page document\n     (Session info: chrome=96.0.4664.110)\n", "test_name": "test_QTML_T1192", "rerun": "0"}}, "status": {"total_pass": 0, "total_skip": 0, "total_xpass": 0, "total_xfail": 0, "total_rerun": 0, "total_fail": 1, "total_error": 0}}, "13": {"suite_name": "test_QTML-T1201.py", "tests": {"0": {"status": "FAIL", "message": "   selenium.common.exceptions.TimeoutException: Message: timeout: Timed out receiving message from renderer: 300.000\n     (Session info: chrome=96.0.4664.110)\n", "test_name": "test_QTML_T1201", "rerun": "0"}}, "status": {"total_pass": 0, "total_skip": 0, "total_xpass": 0, "total_xfail": 0, "total_rerun": 0, "total_fail": 1, "total_error": 0}}, "14": {"suite_name": "test_QTML-T2005.py", "tests": {"0": {"status": "FAIL", "message": "   selenium.common.exceptions.NoSuchElementException: Message: no such element: Unable to locate element: {\"method\":\"link text\",\"selector\":\"ETF Order Entry\"}\n     (Session info: chrome=96.0.4664.110)\n", "test_name": "test_QTML_T2005", "rerun": "0"}}, "status": {"total_pass": 0, "total_skip": 0, "total_xpass": 0, "total_xfail": 0, "total_rerun": 0, "total_fail": 1, "total_error": 0}}, "15": {"suite_name": "test_QTML-T2009.py", "tests": {"0": {"status": "FAIL", "message": "   selenium.common.exceptions.NoSuchElementException: Message: no such element: Unable to locate element: {\"method\":\"link text\",\"selector\":\"ReportDate\"}\n     (Session info: chrome=96.0.4664.110)\n", "test_name": "test_QTML_T2009", "rerun": "0"}}, "status": {"total_pass": 0, "total_skip": 0, "total_xpass": 0, "total_xfail": 0, "total_rerun": 0, "total_fail": 1, "total_error": 0}}}}, "date": "December 15, 2021", "start_time": 1639597131.8358924, "total_suite": 16, "status": "FAIL", "status_list": {"pass": "0", "fail": "16", "skip": "0", "error": "0", "xpass": "0", "xfail": "0", "rerun": "0"}, "total_tests": "16"}